{"timestamp":"2026-03-08T17:18:28.123539Z","level":"info","event":"DAG bundles loaded: dags-folder, example_dags","logger":"airflow.dag_processing.bundles.manager.DagBundlesManager","filename":"manager.py","lineno":179}
{"timestamp":"2026-03-08T17:18:28.125044Z","level":"info","event":"Filling up the DagBag from /opt/airflow/dags/weather_dag.py","logger":"airflow.models.dagbag.BundleDagBag","filename":"dagbag.py","lineno":593}
{"timestamp":"2026-03-08T17:18:28.178556Z","level":"warning","event":"The `airflow.decorators.dag` attribute is deprecated. Please use `'airflow.sdk.dag'`.","category":"DeprecatedImportWarning","filename":"/opt/airflow/dags/weather_dag.py","lineno":2,"logger":"py.warnings"}
{"timestamp":"2026-03-08T17:18:28.178765Z","level":"warning","event":"The `airflow.decorators.task` attribute is deprecated. Please use `'airflow.sdk.task'`.","category":"DeprecatedImportWarning","filename":"/opt/airflow/dags/weather_dag.py","lineno":2,"logger":"py.warnings"}
{"timestamp":"2026-03-08T17:18:28.260869Z","level":"info","event":"Task instance is in running state","logger":"task.stdout"}
{"timestamp":"2026-03-08T17:18:28.261169Z","level":"info","event":" Previous state of the Task instance: TaskInstanceState.QUEUED","logger":"task.stdout"}
{"timestamp":"2026-03-08T17:18:28.261362Z","level":"info","event":"Current task name:transform","logger":"task.stdout"}
{"timestamp":"2026-03-08T17:18:28.261475Z","level":"info","event":"Dag name:weather_etl_pipeline","logger":"task.stdout"}
{"timestamp":"2026-03-08T17:18:28.263308Z","level":"info","event":"Pipeline de transformação de dados iniciada para o arquivo: /opt/airflow/data/weather_data.json","logger":"task.stdout"}
{"timestamp":"2026-03-08T17:18:28.263605Z","level":"info","event":"Criando dataframe a partir do arquivo: /opt/airflow/data/weather_data.json","logger":"root","filename":"transform_data.py","lineno":43}
{"timestamp":"2026-03-08T17:18:28.267210Z","level":"info","event":"Dataframe criado com sucesso. Número de linhas: 1, Número de colunas: 27","logger":"root","filename":"transform_data.py","lineno":53}
{"timestamp":"2026-03-08T17:18:28.272984Z","level":"info","event":"Coluna weather normalizada - 31 colunas","logger":"root","filename":"transform_data.py","lineno":71}
{"timestamp":"2026-03-08T17:18:28.273099Z","level":"info","event":"Removendo colunas: ['weather', 'weather_icon', 'sys.type']","logger":"root","filename":"transform_data.py","lineno":75}
{"timestamp":"2026-03-08T17:18:28.274292Z","level":"info","event":"Colunas removidas - 28 colunas restantes","logger":"root","filename":"transform_data.py","lineno":77}
{"timestamp":"2026-03-08T17:18:28.274375Z","level":"info","event":"Renomeando colunas: {'base': 'base', 'visibility': 'visibility', 'dt': 'datetime', 'timezone': 'timezone', 'id': 'city_id', 'name': 'city_name', 'cod': 'code', 'coord.lon': 'longitude', 'coord.lat': 'latitude', 'main.temp': 'temperature', 'main.feels_like': 'feels_like', 'main.temp_min': 'temp_min', 'main.temp_max': 'temp_max', 'main.pressure': 'pressure', 'main.humidity': 'humidity', 'main.sea_level': 'sea_level', 'main.grnd_level': 'ground_level', 'wind.speed': 'wind_speed', 'wind.deg': 'wind_degree', 'wind.gust': 'wind_gust', 'clouds.all': 'clouds', 'sys.type': 'sys_type', 'sys.id': 'sys_id', 'sys.country': 'country', 'sys.sunrise': 'sunrise', 'sys.sunset': 'sunset'}","logger":"root","filename":"transform_data.py","lineno":81}
{"timestamp":"2026-03-08T17:18:28.274723Z","level":"info","event":"Colunas renomeadas - 28 colunas","logger":"root","filename":"transform_data.py","lineno":83}
{"timestamp":"2026-03-08T17:18:28.274790Z","level":"info","event":"Normalizando coluna datetime: datetime","logger":"root","filename":"transform_data.py","lineno":88}
{"timestamp":"2026-03-08T17:18:28.277920Z","level":"info","event":"Normalizando coluna datetime: sunrise","logger":"root","filename":"transform_data.py","lineno":88}
{"timestamp":"2026-03-08T17:18:28.278371Z","level":"info","event":"Normalizando coluna datetime: sunset","logger":"root","filename":"transform_data.py","lineno":88}
{"timestamp":"2026-03-08T17:18:28.278675Z","level":"info","event":"Colunas de data/hora normalizadas","logger":"root","filename":"transform_data.py","lineno":90}
{"timestamp":"2026-03-08T17:18:28.278728Z","level":"info","event":"Pipeline de transformação de dados concluída com sucesso","logger":"root","filename":"transform_data.py","lineno":100}
{"timestamp":"2026-03-08T17:18:28.378962Z","level":"info","event":"Done. Returned value was: /opt/airflow/data/transformed_weather_data.parquet","logger":"airflow.task.operators.airflow.providers.standard.decorators.python._PythonDecoratedOperator","filename":"python.py","lineno":230}
{"timestamp":"2026-03-08T17:18:28.379863Z","level":"info","event":"Pushing xcom","ti":"RuntimeTaskInstance(id=UUID('019cce75-0afd-766e-86d0-6ff9b8e93a73'), task_id='transform', dag_id='weather_etl_pipeline', run_id='manual__2026-03-08T17:18:22.423970+00:00', try_number=1, dag_version_id=UUID('019cce74-c65e-78a0-9468-4b21f42aeda6'), map_index=-1, hostname='d1f86f0399b1', context_carrier={}, task=<Task(_PythonDecoratedOperator): transform>, bundle_instance=LocalDagBundle(name=dags-folder), max_tries=2, start_date=datetime.datetime(2026, 3, 8, 17, 18, 27, 593472, tzinfo=datetime.timezone.utc), end_date=None, state=<TaskInstanceState.RUNNING: 'running'>, is_mapped=False, rendered_map_index=None)","logger":"task","filename":"task_runner.py","lineno":1522}
{"timestamp":"2026-03-08T17:18:28.414741Z","level":"info","event":"Task instance in success state","logger":"task.stdout"}
{"timestamp":"2026-03-08T17:18:28.415009Z","level":"info","event":" Previous state of the Task instance: TaskInstanceState.RUNNING","logger":"task.stdout"}
{"timestamp":"2026-03-08T17:18:28.415245Z","level":"info","event":"Task operator:<Task(_PythonDecoratedOperator): transform>","logger":"task.stdout"}
